<?xml version="1.0" encoding="UTF-8"?>
<!-- Generated by org.testng.reporters.JUnitXMLReporter -->
<testsuite hostname="DESKTOP-FKNGKR0" name="Surefire test" tests="2" failures="0" timestamp="24 Jun 2017 17:23:10 GMT" time="0.011" errors="0">
  <testcase name="CorrectLoginTest" time="0.0" classname="loginTests.LoginTestSuite">
    <skipped/>
  </testcase> <!-- CorrectLoginTest -->
  <testcase name="UnexistingLoginTest" time="0.0" classname="loginTests.LoginTestSuite">
    <skipped/>
  </testcase> <!-- UnexistingLoginTest -->
</testsuite> <!-- Surefire test -->
