<?xml version="1.0" encoding="UTF-8"?>
<!-- Generated by org.testng.reporters.JUnitXMLReporter -->
<testsuite hostname="DESKTOP-FKNGKR0" name="DemoTests" tests="10" failures="0" timestamp="24 Jun 2017 22:03:26 GMT" time="187.698" errors="0">
  <testcase name="CorrectLoginTest" time="5.339" classname="loginTests.LoginTestSuite"/>
  <testcase name="UnexistingLoginTest" time="1.432" classname="loginTests.LoginTestSuite"/>
  <testcase name="TestLogoPresence" time="0.244" classname="homepageTests.HomePageTestSuite"/>
  <testcase name="MailCheckerTest" time="45.345" classname="mailboxTests.MailboxTestSuite"/>
  <testcase name="TestRegistrationValidators" time="1.475" classname="registrationTests.RegistrationTestSuite"/>
  <testcase name="TestRegistration" time="2.994" classname="registrationTests.RegistrationTestSuite"/>
  <testcase name="TestNameTextfield" time="4.607" classname="homepageTests.DataProviderTest"/>
  <testcase name="TestNameTextfield" time="4.662" classname="homepageTests.DataProviderTest"/>
  <testcase name="TestNameTextfield" time="4.334" classname="homepageTests.DataProviderTest"/>
  <testcase name="TestNameTextfield" time="5.046" classname="homepageTests.DataProviderTest"/>
</testsuite> <!-- DemoTests -->
